<?xml version="1.0" encoding="UTF-8"?>
<!-- Generated by org.testng.reporters.JUnitXMLReporter -->
<testsuite hostname="IXIA-DO-0002" ignored="0" name="Test" tests="3" failures="0" timestamp="26 Jul 2018 06:23:38 GMT" time="0.493" errors="0">
  <testcase name="@BeforeTest startReport" time="0.448" classname="extentReport.ExtentReport">
    <failure type="java.lang.NullPointerException">
      <![CDATA[java.lang.NullPointerException
at java.io.File.<init>(Unknown Source)
at extentReport.ExtentReport.startReport(ExtentReport.java:29)
... Removed 24 stack frames]]>
    </failure>
  </testcase> <!-- @BeforeTest startReport -->
  <testcase name="@AfterMethod getResult" time="0.0" classname="extentReport.ExtentReport">
    <skipped/>
  </testcase> <!-- @AfterMethod getResult -->
  <testcase name="@AfterMethod getResult" time="0.0" classname="extentReport.ExtentReport">
    <skipped/>
  </testcase> <!-- @AfterMethod getResult -->
  <testcase name="@AfterMethod getResult" time="0.0" classname="extentReport.ExtentReport">
    <skipped/>
  </testcase> <!-- @AfterMethod getResult -->
  <testcase name="@AfterTest endReport" time="0.0" classname="extentReport.ExtentReport">
    <skipped/>
  </testcase> <!-- @AfterTest endReport -->
  <testcase name="failTest" time="0.0" classname="extentReport.ExtentReport">
    <skipped/>
  </testcase> <!-- failTest -->
  <testcase name="passTest" time="0.0" classname="extentReport.ExtentReport">
    <skipped/>
  </testcase> <!-- passTest -->
  <testcase name="skipTest" time="0.0" classname="extentReport.ExtentReport">
    <skipped/>
  </testcase> <!-- skipTest -->
</testsuite> <!-- Test -->
